<?xml version="1.0" encoding="UTF-8"?>
<testsuite xmlns:xsi="http://www.w3.org/2001/XMLSchema-instance" xsi:noNamespaceSchemaLocation="https://maven.apache.org/surefire/maven-surefire-plugin/xsd/surefire-test-report-3.0.xsd" version="3.0" name="gvisual.GraphStatsTest" time="0.0" tests="9" errors="0" skipped="0" failures="0">
  <properties>
[...]
</properties>
  <testcase name="testEmptyGraph" classname="gvisual.GraphStatsTest" time="0.0"/>
  <testcase name="testCategoryCountsIndependent" classname="gvisual.GraphStatsTest" time="0.0"/>
  <testcase name="testTopNodes" classname="gvisual.GraphStatsTest" time="0.0"/>
  <testcase name="testSingleEdge" classname="gvisual.GraphStatsTest" time="0.0"/>
  <testcase name="testIsolatedNodes" classname="gvisual.GraphStatsTest" time="0.0"/>
  <testcase name="testAverageDegree" classname="gvisual.GraphStatsTest" time="0.0"/>
  <testcase name="testDensityTriangle" classname="gvisual.GraphStatsTest" time="0.0"/>
  <testcase name="testAverageWeight" classname="gvisual.GraphStatsTest" time="0.0"/>
  <testcase name="testDensitySingleNode" classname="gvisual.GraphStatsTest" time="0.0"/>
</testsuite>