<?xml version="1.0" encoding="UTF-8"?>
<testsuite xmlns:xsi="http://www.w3.org/2001/XMLSchema-instance" xsi:noNamespaceSchemaLocation="https://maven.apache.org/surefire/maven-surefire-plugin/xsd/surefire-test-report-3.0.xsd" version="3.0" name="gvisual.CliqueAnalyzerTest" time="0.057" tests="70" errors="0" skipped="0" failures="0">
  <properties>
[...]
</properties>
  <testcase name="testK5CliqueNumber5" classname="gvisual.CliqueAnalyzerTest" time="0.0"/>
  <testcase name="testCliqueGraphEmptyGraph" classname="gvisual.CliqueAnalyzerTest" time="0.0"/>
  <testcase name="testTriangleCliqueSize3" classname="gvisual.CliqueAnalyzerTest" time="0.0"/>
  <testcase name="testTopParticipantsOrdering" classname="gvisual.CliqueAnalyzerTest" time="0.0"/>
  <testcase name="testK4CliqueNumber4" classname="gvisual.CliqueAnalyzerTest" time="0.0"/>
  <testcase name="testGetCliquesContainingNonexistentVertex" classname="gvisual.CliqueAnalyzerTest" time="0.003"/>
  <testcase name="testBowtieCliqueCount" classname="gvisual.CliqueAnalyzerTest" time="0.0"/>
  <testcase name="testTriangleCoverage" classname="gvisual.CliqueAnalyzerTest" time="0.0"/>
  <testcase name="testCliqueGraphDisconnected" classname="gvisual.CliqueAnalyzerTest" time="0.0"/>
  <testcase name="testConstructorValid" classname="gvisual.CliqueAnalyzerTest" time="0.003"/>
  <testcase name="testBowtieContainsExpectedCliques" classname="gvisual.CliqueAnalyzerTest" time="0.002"/>
  <testcase name="testResultToString" classname="gvisual.CliqueAnalyzerTest" time="0.002"/>
  <testcase name="testGetCliquesContainingLeafVertex" classname="gvisual.CliqueAnalyzerTest" time="0.0"/>
  <testcase name="testEmptyGraphZeroCliques" classname="gvisual.CliqueAnalyzerTest" time="0.0"/>
  <testcase name="testDisconnectedCliqueNumber" classname="gvisual.CliqueAnalyzerTest" time="0.0"/>
  <testcase name="testEmptyGraphCliqueNumberZero" classname="gvisual.CliqueAnalyzerTest" time="0.0"/>
  <testcase name="testOverlappingCliquesMultiple" classname="gvisual.CliqueAnalyzerTest" time="0.0"/>
  <testcase name="testMultipleIsolatedVertices" classname="gvisual.CliqueAnalyzerTest" time="0.0"/>
  <testcase name="testK5SingleClique" classname="gvisual.CliqueAnalyzerTest" time="0.0"/>
  <testcase name="testNodeParticipationCorrectCounts" classname="gvisual.CliqueAnalyzerTest" time="0.0"/>
  <testcase name="testNodeParticipationAllVerticesPresent" classname="gvisual.CliqueAnalyzerTest" time="0.0"/>
  <testcase name="testTopParticipantsEmptyGraph" classname="gvisual.CliqueAnalyzerTest" time="0.0"/>
  <testcase name="testK4ContainsAllVertices" classname="gvisual.CliqueAnalyzerTest" time="0.007"/>
  <testcase name="testOverlapsLimited" classname="gvisual.CliqueAnalyzerTest" time="0.0"/>
  <testcase name="testTopParticipantsNLargerThanVertices" classname="gvisual.CliqueAnalyzerTest" time="0.0"/>
  <testcase name="testCliqueGraphHighThreshold" classname="gvisual.CliqueAnalyzerTest" time="0.0"/>
  <testcase name="testPathGraphCliqueCount" classname="gvisual.CliqueAnalyzerTest" time="0.0"/>
  <testcase name="testBowtieSharedVertex" classname="gvisual.CliqueAnalyzerTest" time="0.0"/>
  <testcase name="testPathGraphAllCliquesSize2" classname="gvisual.CliqueAnalyzerTest" time="0.0"/>
  <testcase name="testGetCliquesOfSizeBasic" classname="gvisual.CliqueAnalyzerTest" time="0.0"/>
  <testcase name="testDisconnectedContainsIsolated" classname="gvisual.CliqueAnalyzerTest" time="0.0"/>
  <testcase name="testGetCliquesOfSizeZeroResult" classname="gvisual.CliqueAnalyzerTest" time="0.0"/>
  <testcase name="testStarGraphMaxCliqueSize2" classname="gvisual.CliqueAnalyzerTest" time="0.0"/>
  <testcase name="testCoverageEmptyGraph" classname="gvisual.CliqueAnalyzerTest" time="0.0"/>
  <testcase name="testPathGraphNoLargeClique" classname="gvisual.CliqueAnalyzerTest" time="0.0"/>
  <testcase name="testTriangleParticipation" classname="gvisual.CliqueAnalyzerTest" time="0.0"/>
  <testcase name="testCliqueGraphBasic" classname="gvisual.CliqueAnalyzerTest" time="0.0"/>
  <testcase name="testFormatSummaryContainsKeyInfo" classname="gvisual.CliqueAnalyzerTest" time="0.0"/>
  <testcase name="testGetCliquesContainingBasic" classname="gvisual.CliqueAnalyzerTest" time="0.0"/>
  <testcase name="testEmptyGraphEmptyDistribution" classname="gvisual.CliqueAnalyzerTest" time="0.0"/>
  <testcase name="testCliquesSortedBySizeDescending" classname="gvisual.CliqueAnalyzerTest" time="0.0"/>
  <testcase name="testSingleVertexCliqueSize1" classname="gvisual.CliqueAnalyzerTest" time="0.0"/>
  <testcase name="testSingleVertexOneClique" classname="gvisual.CliqueAnalyzerTest" time="0.0"/>
  <testcase name="testK5Distribution" classname="gvisual.CliqueAnalyzerTest" time="0.002"/>
  <testcase name="testFormatSummaryEmptyGraph" classname="gvisual.CliqueAnalyzerTest" time="0.0"/>
  <testcase name="testSingleEdgeCliqueSize2" classname="gvisual.CliqueAnalyzerTest" time="0.0"/>
  <testcase name="testLazyComputation" classname="gvisual.CliqueAnalyzerTest" time="0.002"/>
  <testcase name="testIdempotentCompute" classname="gvisual.CliqueAnalyzerTest" time="0.0"/>
  <testcase name="testOverlapsNoOverlap" classname="gvisual.CliqueAnalyzerTest" time="0.0"/>
  <testcase name="testK4Distribution" classname="gvisual.CliqueAnalyzerTest" time="0.002"/>
  <testcase name="testAverageCliqueSizeEmptyGraph" classname="gvisual.CliqueAnalyzerTest" time="0.0"/>
  <testcase name="testConstructorNullGraph" classname="gvisual.CliqueAnalyzerTest" time="0.0"/>
  <testcase name="testGetCliquesOfSizeMultiple" classname="gvisual.CliqueAnalyzerTest" time="0.0"/>
  <testcase name="testGetCliquesOfSizeOne" classname="gvisual.CliqueAnalyzerTest" time="0.0"/>
  <testcase name="testFormatSummaryNonEmpty" classname="gvisual.CliqueAnalyzerTest" time="0.0"/>
  <testcase name="testSingleEdgeOneClique" classname="gvisual.CliqueAnalyzerTest" time="0.0"/>
  <testcase name="testOverlapsFindsSharedVertices" classname="gvisual.CliqueAnalyzerTest" time="0.0"/>
  <testcase name="testStarGraphHubHighestParticipation" classname="gvisual.CliqueAnalyzerTest" time="0.0"/>
  <testcase name="testCoverageOnlyCountsNontrivial" classname="gvisual.CliqueAnalyzerTest" time="0.0"/>
  <testcase name="testOverlappingCliquesCorrectContent" classname="gvisual.CliqueAnalyzerTest" time="0.0"/>
  <testcase name="testOverlapToString" classname="gvisual.CliqueAnalyzerTest" time="0.006"/>
  <testcase name="testLargestCliqueEmptyGraph" classname="gvisual.CliqueAnalyzerTest" time="0.0"/>
  <testcase name="testTriangleOneClique" classname="gvisual.CliqueAnalyzerTest" time="0.0"/>
  <testcase name="testCoverageFraction" classname="gvisual.CliqueAnalyzerTest" time="0.0"/>
  <testcase name="testK4OneClique" classname="gvisual.CliqueAnalyzerTest" time="0.0"/>
  <testcase name="testResultAllFieldsPopulated" classname="gvisual.CliqueAnalyzerTest" time="0.0"/>
  <testcase name="testDisconnectedCliqueCount" classname="gvisual.CliqueAnalyzerTest" time="0.0"/>
  <testcase name="testBowtieCliqueNumber3" classname="gvisual.CliqueAnalyzerTest" time="0.0"/>
  <testcase name="testStarGraphCliqueCount" classname="gvisual.CliqueAnalyzerTest" time="0.003"/>
  <testcase name="testAverageCliqueSize" classname="gvisual.CliqueAnalyzerTest" time="0.0"/>
</testsuite>